<?xml version="1.0" encoding="UTF-8"?>
<!-- Generated by org.testng.reporters.JUnitXMLReporter -->
<testsuite ignored="2" hostname="DESKTOP-GR77U6N" failures="0" tests="2" name="Test" time="0.072" errors="0" timestamp="2024-04-14T09:35:10 IST">
  <testcase classname="groupsExecution.Groups" name="verifyUrl" time="0.012"/>
  <testcase classname="groupsExecution.Groups" name="verifyLogo" time="0.002"/>
  <testcase classname="groupsExecution.Groups" name="logout" time="0.0">
    <ignored/>
  </testcase> <!-- logout -->
  <testcase classname="groupsExecution.Groups" name="login" time="0.0">
    <ignored/>
  </testcase> <!-- login -->
</testsuite> <!-- Test -->
