<?xml version="1.0" encoding="UTF-8"?>
<testng-results ignored="0" total="1" passed="1" failed="0" skipped="0">
  <reporter-output>
  </reporter-output>
  <suite started-at="2024-04-15T09:00:03 IST" name="Default suite" finished-at="2024-04-15T09:00:04 IST" duration-ms="66">
    <groups>
    </groups>
    <test started-at="2024-04-15T09:00:03 IST" name="Default test" finished-at="2024-04-15T09:00:04 IST" duration-ms="66">
      <class name="dataDrivenFrameworkDDF.NotepadFetching">
        <test-method signature="readDataFromNotepad()[pri:0, instance:dataDrivenFrameworkDDF.NotepadFetching@581ac8a8]" started-at="2024-04-15T09:00:03 IST" name="readDataFromNotepad" finished-at="2024-04-15T09:00:04 IST" duration-ms="12" status="PASS">
          <reporter-output>
          </reporter-output>
        </test-method> <!-- readDataFromNotepad -->
      </class> <!-- dataDrivenFrameworkDDF.NotepadFetching -->
    </test> <!-- Default test -->
  </suite> <!-- Default suite -->
</testng-results>
